<?xml version="1.0" encoding="UTF-8"?>
<!-- Generated by org.testng.reporters.JUnitReportReporter -->
<testsuite hostname="GJ-VT-PC" failures="0" tests="1" name="com.qa.testScripts.TC_Neo_001" time="6.934" errors="0" timestamp="2021-12-09T16:36:40 IST" skipped="0">
  <testcase classname="com.qa.testScripts.TC_Neo_001" name="Navigate" time="6.934"/>
  <system-out>
    <![CDATA[FAIL]]>
  </system-out>
</testsuite> <!-- com.qa.testScripts.TC_Neo_001 -->
